<?xml version="1.0" encoding="UTF-8"?>
<testsuite name="org.springframework.samples.petclinic.system.CrashControllerTests" time="0" tests="1" errors="0" skipped="1" failures="0">
  <properties>
    <property name="java.runtime.name" value="OpenJDK Runtime Environment"/>
    <property name="sun.boot.library.path" value="/usr/lib/jvm/java-1.8.0-openjdk-1.8.0.151-1.b12.el7_4.x86_64/jre/lib/amd64"/>
    <property name="java.vm.version" value="25.151-b12"/>
    <property name="java.vm.vendor" value="Oracle Corporation"/>
    <property name="maven.multiModuleProjectDirectory" value="/root/spring-petclinic"/>
    <property name="java.vendor.url" value="http://java.oracle.com/"/>
    <property name="path.separator" value=":"/>
    <property name="guice.disable.misplaced.annotation.check" value="true"/>
    <property name="java.vm.name" value="OpenJDK 64-Bit Server VM"/>
    <property name="file.encoding.pkg" value="sun.io"/>
    <property name="user.country" value="US"/>
    <property name="sun.java.launcher" value="SUN_STANDARD"/>
    <property name="sun.os.patch.level" value="unknown"/>
    <property name="java.vm.specification.name" value="Java Virtual Machine Specification"/>
    <property name="user.dir" value="/root/spring-petclinic"/>
    <property name="java.runtime.version" value="1.8.0_151-b12"/>
    <property name="java.awt.graphicsenv" value="sun.awt.X11GraphicsEnvironment"/>
    <property name="java.endorsed.dirs" value="/usr/lib/jvm/java-1.8.0-openjdk-1.8.0.151-1.b12.el7_4.x86_64/jre/lib/endorsed"/>
    <property name="os.arch" value="amd64"/>
    <property name="java.io.tmpdir" value="/tmp"/>
    <property name="line.separator" value="&#10;"/>
    <property name="java.vm.specification.vendor" value="Oracle Corporation"/>
    <property name="os.name" value="Linux"/>
    <property name="classworlds.conf" value="/root/apache-maven-3.5.2/bin/m2.conf"/>
    <property name="sun.jnu.encoding" value="UTF-8"/>
    <property name="java.library.path" value="/usr/java/packages/lib/amd64:/usr/lib64:/lib64:/lib:/usr/lib"/>
    <property name="maven.conf" value="/root/apache-maven-3.5.2/conf"/>
    <property name="java.specification.name" value="Java Platform API Specification"/>
    <property name="java.class.version" value="52.0"/>
    <property name="sun.management.compiler" value="HotSpot 64-Bit Tiered Compilers"/>
    <property name="os.version" value="3.10.0-693.el7.x86_64"/>
    <property name="library.jansi.path" value="/root/apache-maven-3.5.2/lib/jansi-native"/>
    <property name="user.home" value="/root"/>
    <property name="user.timezone" value="UTC"/>
    <property name="java.awt.printerjob" value="sun.print.PSPrinterJob"/>
    <property name="java.specification.version" value="1.8"/>
    <property name="file.encoding" value="UTF-8"/>
    <property name="user.name" value="root"/>
    <property name="java.class.path" value="/root/apache-maven-3.5.2/boot/plexus-classworlds-2.5.2.jar"/>
    <property name="java.vm.specification.version" value="1.8"/>
    <property name="sun.arch.data.model" value="64"/>
    <property name="java.home" value="/usr/lib/jvm/java-1.8.0-openjdk-1.8.0.151-1.b12.el7_4.x86_64/jre"/>
    <property name="sun.java.command" value="org.codehaus.plexus.classworlds.launcher.Launcher clean package"/>
    <property name="java.specification.vendor" value="Oracle Corporation"/>
    <property name="user.language" value="en"/>
    <property name="awt.toolkit" value="sun.awt.X11.XToolkit"/>
    <property name="java.vm.info" value="mixed mode"/>
    <property name="java.version" value="1.8.0_151"/>
    <property name="java.ext.dirs" value="/usr/lib/jvm/java-1.8.0-openjdk-1.8.0.151-1.b12.el7_4.x86_64/jre/lib/ext:/usr/java/packages/lib/ext"/>
    <property name="securerandom.source" value="file:/dev/./urandom"/>
    <property name="sun.boot.class.path" value="/usr/lib/jvm/java-1.8.0-openjdk-1.8.0.151-1.b12.el7_4.x86_64/jre/lib/resources.jar:/usr/lib/jvm/java-1.8.0-openjdk-1.8.0.151-1.b12.el7_4.x86_64/jre/lib/rt.jar:/usr/lib/jvm/java-1.8.0-openjdk-1.8.0.151-1.b12.el7_4.x86_64/jre/lib/sunrsasign.jar:/usr/lib/jvm/java-1.8.0-openjdk-1.8.0.151-1.b12.el7_4.x86_64/jre/lib/jsse.jar:/usr/lib/jvm/java-1.8.0-openjdk-1.8.0.151-1.b12.el7_4.x86_64/jre/lib/jce.jar:/usr/lib/jvm/java-1.8.0-openjdk-1.8.0.151-1.b12.el7_4.x86_64/jre/lib/charsets.jar:/usr/lib/jvm/java-1.8.0-openjdk-1.8.0.151-1.b12.el7_4.x86_64/jre/lib/jfr.jar:/usr/lib/jvm/java-1.8.0-openjdk-1.8.0.151-1.b12.el7_4.x86_64/jre/classes"/>
    <property name="java.vendor" value="Oracle Corporation"/>
    <property name="maven.home" value="/root/apache-maven-3.5.2"/>
    <property name="file.separator" value="/"/>
    <property name="java.vendor.url.bug" value="http://bugreport.sun.com/bugreport/"/>
    <property name="sun.cpu.endian" value="little"/>
    <property name="sun.io.unicode.encoding" value="UnicodeLittle"/>
    <property name="sun.cpu.isalist" value=""/>
  </properties>
  <testcase name="org.springframework.samples.petclinic.system.CrashControllerTests" classname="org.springframework.samples.petclinic.system.CrashControllerTests" time="0">
    <skipped/>
    <system-out><![CDATA[09:05:22.937 [main] DEBUG org.springframework.test.context.junit4.SpringJUnit4ClassRunner - SpringJUnit4ClassRunner constructor called with [class org.springframework.samples.petclinic.system.ProductionConfigurationTests]
09:05:22.943 [main] DEBUG org.springframework.test.context.BootstrapUtils - Instantiating CacheAwareContextLoaderDelegate from class [org.springframework.test.context.cache.DefaultCacheAwareContextLoaderDelegate]
09:05:22.949 [main] DEBUG org.springframework.test.context.BootstrapUtils - Instantiating BootstrapContext using constructor [public org.springframework.test.context.support.DefaultBootstrapContext(java.lang.Class,org.springframework.test.context.CacheAwareContextLoaderDelegate)]
09:05:22.968 [main] DEBUG org.springframework.test.context.BootstrapUtils - Instantiating TestContextBootstrapper for test class [org.springframework.samples.petclinic.system.ProductionConfigurationTests] from class [org.springframework.boot.test.context.SpringBootTestContextBootstrapper]
09:05:22.980 [main] INFO org.springframework.boot.test.context.SpringBootTestContextBootstrapper - Neither @ContextConfiguration nor @ContextHierarchy found for test class [org.springframework.samples.petclinic.system.ProductionConfigurationTests], using SpringBootContextLoader
09:05:22.984 [main] DEBUG org.springframework.test.context.support.AbstractContextLoader - Did not detect default resource location for test class [org.springframework.samples.petclinic.system.ProductionConfigurationTests]: class path resource [org/springframework/samples/petclinic/system/ProductionConfigurationTests-context.xml] does not exist
09:05:22.984 [main] DEBUG org.springframework.test.context.support.AbstractContextLoader - Did not detect default resource location for test class [org.springframework.samples.petclinic.system.ProductionConfigurationTests]: class path resource [org/springframework/samples/petclinic/system/ProductionConfigurationTestsContext.groovy] does not exist
09:05:22.984 [main] INFO org.springframework.test.context.support.AbstractContextLoader - Could not detect default resource locations for test class [org.springframework.samples.petclinic.system.ProductionConfigurationTests]: no resource found for suffixes {-context.xml, Context.groovy}.
09:05:22.985 [main] INFO org.springframework.test.context.support.AnnotationConfigContextLoaderUtils - Could not detect default configuration classes for test class [org.springframework.samples.petclinic.system.ProductionConfigurationTests]: ProductionConfigurationTests does not declare any static, non-private, non-final, nested classes annotated with @Configuration.
09:05:23.015 [main] DEBUG org.springframework.test.context.support.ActiveProfilesUtils - Could not find an 'annotation declaring class' for annotation type [org.springframework.test.context.ActiveProfiles] and class [org.springframework.samples.petclinic.system.ProductionConfigurationTests]
09:05:23.022 [main] DEBUG org.springframework.core.env.StandardEnvironment - Adding [systemProperties] PropertySource with lowest search precedence
09:05:23.023 [main] DEBUG org.springframework.core.env.StandardEnvironment - Adding [systemEnvironment] PropertySource with lowest search precedence
09:05:23.023 [main] DEBUG org.springframework.core.env.StandardEnvironment - Initialized StandardEnvironment with PropertySources [systemProperties,systemEnvironment]
09:05:23.033 [main] DEBUG org.springframework.core.io.support.PathMatchingResourcePatternResolver - Resolved classpath location [org/springframework/samples/petclinic/system/] to resources [URL [file:/root/spring-petclinic/target/test-classes/org/springframework/samples/petclinic/system/], URL [file:/root/spring-petclinic/target/classes/org/springframework/samples/petclinic/system/]]
09:05:23.033 [main] DEBUG org.springframework.core.io.support.PathMatchingResourcePatternResolver - Looking for matching resources in directory tree [/root/spring-petclinic/target/test-classes/org/springframework/samples/petclinic/system]
09:05:23.033 [main] DEBUG org.springframework.core.io.support.PathMatchingResourcePatternResolver - Searching directory [/root/spring-petclinic/target/test-classes/org/springframework/samples/petclinic/system] for files matching pattern [/root/spring-petclinic/target/test-classes/org/springframework/samples/petclinic/system/*.class]
09:05:23.036 [main] DEBUG org.springframework.core.io.support.PathMatchingResourcePatternResolver - Looking for matching resources in directory tree [/root/spring-petclinic/target/classes/org/springframework/samples/petclinic/system]
09:05:23.036 [main] DEBUG org.springframework.core.io.support.PathMatchingResourcePatternResolver - Searching directory [/root/spring-petclinic/target/classes/org/springframework/samples/petclinic/system] for files matching pattern [/root/spring-petclinic/target/classes/org/springframework/samples/petclinic/system/*.class]
09:05:23.036 [main] DEBUG org.springframework.core.io.support.PathMatchingResourcePatternResolver - Resolved location pattern [classpath*:org/springframework/samples/petclinic/system/*.class] to resources [file [/root/spring-petclinic/target/test-classes/org/springframework/samples/petclinic/system/CrashControllerTests.class], file [/root/spring-petclinic/target/test-classes/org/springframework/samples/petclinic/system/ProductionConfigurationTests.class], file [/root/spring-petclinic/target/classes/org/springframework/samples/petclinic/system/CacheConfig.class], file [/root/spring-petclinic/target/classes/org/springframework/samples/petclinic/system/CrashController.class], file [/root/spring-petclinic/target/classes/org/springframework/samples/petclinic/system/WelcomeController.class]]
09:05:23.084 [main] DEBUG org.springframework.core.io.support.PathMatchingResourcePatternResolver - Resolved classpath location [org/springframework/samples/petclinic/] to resources [URL [file:/root/spring-petclinic/target/test-classes/org/springframework/samples/petclinic/], URL [file:/root/spring-petclinic/target/classes/org/springframework/samples/petclinic/]]
09:05:23.085 [main] DEBUG org.springframework.core.io.support.PathMatchingResourcePatternResolver - Looking for matching resources in directory tree [/root/spring-petclinic/target/test-classes/org/springframework/samples/petclinic]
09:05:23.085 [main] DEBUG org.springframework.core.io.support.PathMatchingResourcePatternResolver - Searching directory [/root/spring-petclinic/target/test-classes/org/springframework/samples/petclinic] for files matching pattern [/root/spring-petclinic/target/test-classes/org/springframework/samples/petclinic/*.class]
09:05:23.085 [main] DEBUG org.springframework.core.io.support.PathMatchingResourcePatternResolver - Looking for matching resources in directory tree [/root/spring-petclinic/target/classes/org/springframework/samples/petclinic]
09:05:23.085 [main] DEBUG org.springframework.core.io.support.PathMatchingResourcePatternResolver - Searching directory [/root/spring-petclinic/target/classes/org/springframework/samples/petclinic] for files matching pattern [/root/spring-petclinic/target/classes/org/springframework/samples/petclinic/*.class]
09:05:23.086 [main] DEBUG org.springframework.core.io.support.PathMatchingResourcePatternResolver - Resolved location pattern [classpath*:org/springframework/samples/petclinic/*.class] to resources [file [/root/spring-petclinic/target/classes/org/springframework/samples/petclinic/PetClinicApplication.class]]
09:05:23.101 [main] DEBUG org.springframework.context.annotation.ClassPathScanningCandidateComponentProvider - Identified candidate component class: file [/root/spring-petclinic/target/classes/org/springframework/samples/petclinic/PetClinicApplication.class]
09:05:23.102 [main] INFO org.springframework.boot.test.context.SpringBootTestContextBootstrapper - Found @SpringBootConfiguration org.springframework.samples.petclinic.PetClinicApplication for test class org.springframework.samples.petclinic.system.ProductionConfigurationTests
09:05:23.106 [main] DEBUG org.springframework.boot.test.context.SpringBootTestContextBootstrapper - @TestExecutionListeners is not present for class [org.springframework.samples.petclinic.system.ProductionConfigurationTests]: using defaults.
09:05:23.109 [main] INFO org.springframework.boot.test.context.SpringBootTestContextBootstrapper - Loaded default TestExecutionListener class names from location [META-INF/spring.factories]: [org.springframework.boot.test.mock.mockito.MockitoTestExecutionListener, org.springframework.boot.test.mock.mockito.ResetMocksTestExecutionListener, org.springframework.boot.test.autoconfigure.restdocs.RestDocsTestExecutionListener, org.springframework.boot.test.autoconfigure.web.client.MockRestServiceServerResetTestExecutionListener, org.springframework.boot.test.autoconfigure.web.servlet.MockMvcPrintOnlyOnFailureTestExecutionListener, org.springframework.boot.test.autoconfigure.web.servlet.WebDriverTestExecutionListener, org.springframework.test.context.web.ServletTestExecutionListener, org.springframework.test.context.support.DirtiesContextBeforeModesTestExecutionListener, org.springframework.test.context.support.DependencyInjectionTestExecutionListener, org.springframework.test.context.support.DirtiesContextTestExecutionListener, org.springframework.test.context.transaction.TransactionalTestExecutionListener, org.springframework.test.context.jdbc.SqlScriptsTestExecutionListener]
09:05:23.128 [main] INFO org.springframework.boot.test.context.SpringBootTestContextBootstrapper - Using TestExecutionListeners: [org.springframework.test.context.web.ServletTestExecutionListener@7920ba90, org.springframework.test.context.support.DirtiesContextBeforeModesTestExecutionListener@6b419da, org.springframework.boot.test.autoconfigure.SpringBootDependencyInjectionTestExecutionListener@3b2da18f, org.springframework.test.context.support.DirtiesContextTestExecutionListener@5906ebcb, org.springframework.test.context.transaction.TransactionalTestExecutionListener@258e2e41, org.springframework.test.context.jdbc.SqlScriptsTestExecutionListener@3d299e3, org.springframework.boot.test.mock.mockito.MockitoTestExecutionListener@55a561cf, org.springframework.boot.test.mock.mockito.ResetMocksTestExecutionListener@3b938003, org.springframework.boot.test.autoconfigure.restdocs.RestDocsTestExecutionListener@6f3b5d16, org.springframework.boot.test.autoconfigure.web.client.MockRestServiceServerResetTestExecutionListener@78b1cc93, org.springframework.boot.test.autoconfigure.web.servlet.MockMvcPrintOnlyOnFailureTestExecutionListener@6646153, org.springframework.boot.test.autoconfigure.web.servlet.WebDriverTestExecutionListener@21507a04]
09:05:23.152 [main] DEBUG org.springframework.test.context.junit4.SpringJUnit4ClassRunner - SpringJUnit4ClassRunner constructor called with [class org.springframework.samples.petclinic.owner.VisitControllerTests]
09:05:23.153 [main] DEBUG org.springframework.test.context.BootstrapUtils - Instantiating CacheAwareContextLoaderDelegate from class [org.springframework.test.context.cache.DefaultCacheAwareContextLoaderDelegate]
09:05:23.153 [main] DEBUG org.springframework.test.context.BootstrapUtils - Instantiating BootstrapContext using constructor [public org.springframework.test.context.support.DefaultBootstrapContext(java.lang.Class,org.springframework.test.context.CacheAwareContextLoaderDelegate)]
09:05:23.155 [main] DEBUG org.springframework.test.context.BootstrapUtils - Instantiating TestContextBootstrapper for test class [org.springframework.samples.petclinic.owner.VisitControllerTests] from class [org.springframework.boot.test.autoconfigure.web.servlet.WebMvcTestContextBootstrapper]
09:05:23.156 [main] INFO org.springframework.boot.test.autoconfigure.web.servlet.WebMvcTestContextBootstrapper - Neither @ContextConfiguration nor @ContextHierarchy found for test class [org.springframework.samples.petclinic.owner.VisitControllerTests], using SpringBootContextLoader
09:05:23.157 [main] DEBUG org.springframework.test.context.support.AbstractContextLoader - Did not detect default resource location for test class [org.springframework.samples.petclinic.owner.VisitControllerTests]: class path resource [org/springframework/samples/petclinic/owner/VisitControllerTests-context.xml] does not exist
09:05:23.158 [main] DEBUG org.springframework.test.context.support.AbstractContextLoader - Did not detect default resource location for test class [org.springframework.samples.petclinic.owner.VisitControllerTests]: class path resource [org/springframework/samples/petclinic/owner/VisitControllerTestsContext.groovy] does not exist
09:05:23.158 [main] INFO org.springframework.test.context.support.AbstractContextLoader - Could not detect default resource locations for test class [org.springframework.samples.petclinic.owner.VisitControllerTests]: no resource found for suffixes {-context.xml, Context.groovy}.
09:05:23.158 [main] INFO org.springframework.test.context.support.AnnotationConfigContextLoaderUtils - Could not detect default configuration classes for test class [org.springframework.samples.petclinic.owner.VisitControllerTests]: VisitControllerTests does not declare any static, non-private, non-final, nested classes annotated with @Configuration.
09:05:23.205 [main] DEBUG org.springframework.test.context.support.ActiveProfilesUtils - Could not find an 'annotation declaring class' for annotation type [org.springframework.test.context.ActiveProfiles] and class [org.springframework.samples.petclinic.owner.VisitControllerTests]
09:05:23.205 [main] DEBUG org.springframework.core.env.StandardEnvironment - Adding [systemProperties] PropertySource with lowest search precedence
09:05:23.205 [main] DEBUG org.springframework.core.env.StandardEnvironment - Adding [systemEnvironment] PropertySource with lowest search precedence
09:05:23.206 [main] DEBUG org.springframework.core.env.StandardEnvironment - Initialized StandardEnvironment with PropertySources [systemProperties,systemEnvironment]
09:05:23.206 [main] DEBUG org.springframework.core.io.support.PathMatchingResourcePatternResolver - Resolved classpath location [org/springframework/samples/petclinic/owner/] to resources [URL [file:/root/spring-petclinic/target/test-classes/org/springframework/samples/petclinic/owner/], URL [file:/root/spring-petclinic/target/classes/org/springframework/samples/petclinic/owner/]]
09:05:23.206 [main] DEBUG org.springframework.core.io.support.PathMatchingResourcePatternResolver - Looking for matching resources in directory tree [/root/spring-petclinic/target/test-classes/org/springframework/samples/petclinic/owner]
09:05:23.206 [main] DEBUG org.springframework.core.io.support.PathMatchingResourcePatternResolver - Searching directory [/root/spring-petclinic/target/test-classes/org/springframework/samples/petclinic/owner] for files matching pattern [/root/spring-petclinic/target/test-classes/org/springframework/samples/petclinic/owner/*.class]
09:05:23.207 [main] DEBUG org.springframework.core.io.support.PathMatchingResourcePatternResolver - Looking for matching resources in directory tree [/root/spring-petclinic/target/classes/org/springframework/samples/petclinic/owner]
09:05:23.208 [main] DEBUG org.springframework.core.io.support.PathMatchingResourcePatternResolver - Searching directory [/root/spring-petclinic/target/classes/org/springframework/samples/petclinic/owner] for files matching pattern [/root/spring-petclinic/target/classes/org/springframework/samples/petclinic/owner/*.class]
09:05:23.209 [main] DEBUG org.springframework.core.io.support.PathMatchingResourcePatternResolver - Resolved location pattern [classpath*:org/springframework/samples/petclinic/owner/*.class] to resources [file [/root/spring-petclinic/target/test-classes/org/springframework/samples/petclinic/owner/OwnerControllerTests.class], file [/root/spring-petclinic/target/test-classes/org/springframework/samples/petclinic/owner/PetControllerTests.class], file [/root/spring-petclinic/target/test-classes/org/springframework/samples/petclinic/owner/PetTypeFormatterTests$1.class], file [/root/spring-petclinic/target/test-classes/org/springframework/samples/petclinic/owner/PetTypeFormatterTests$2.class], file [/root/spring-petclinic/target/test-classes/org/springframework/samples/petclinic/owner/PetTypeFormatterTests.class], file [/root/spring-petclinic/target/test-classes/org/springframework/samples/petclinic/owner/VisitControllerTests.class], file [/root/spring-petclinic/target/classes/org/springframework/samples/petclinic/owner/Owner.class], file [/root/spring-petclinic/target/classes/org/springframework/samples/petclinic/owner/OwnerController.class], file [/root/spring-petclinic/target/classes/org/springframework/samples/petclinic/owner/OwnerRepository.class], file [/root/spring-petclinic/target/classes/org/springframework/samples/petclinic/owner/Pet.class], file [/root/spring-petclinic/target/classes/org/springframework/samples/petclinic/owner/PetController.class], file [/root/spring-petclinic/target/classes/org/springframework/samples/petclinic/owner/PetRepository.class], file [/root/spring-petclinic/target/classes/org/springframework/samples/petclinic/owner/PetType.class], file [/root/spring-petclinic/target/classes/org/springframework/samples/petclinic/owner/PetTypeFormatter.class], file [/root/spring-petclinic/target/classes/org/springframework/samples/petclinic/owner/PetValidator.class], file [/root/spring-petclinic/target/classes/org/springframework/samples/petclinic/owner/VisitController.class]]
09:05:23.230 [main] DEBUG org.springframework.core.io.support.PathMatchingResourcePatternResolver - Resolved classpath location [org/springframework/samples/petclinic/] to resources [URL [file:/root/spring-petclinic/target/test-classes/org/springframework/samples/petclinic/], URL [file:/root/spring-petclinic/target/classes/org/springframework/samples/petclinic/]]
09:05:23.230 [main] DEBUG org.springframework.core.io.support.PathMatchingResourcePatternResolver - Looking for matching resources in directory tree [/root/spring-petclinic/target/test-classes/org/springframework/samples/petclinic]
09:05:23.230 [main] DEBUG org.springframework.core.io.support.PathMatchingResourcePatternResolver - Searching directory [/root/spring-petclinic/target/test-classes/org/springframework/samples/petclinic] for files matching pattern [/root/spring-petclinic/target/test-classes/org/springframework/samples/petclinic/*.class]
09:05:23.231 [main] DEBUG org.springframework.core.io.support.PathMatchingResourcePatternResolver - Looking for matching resources in directory tree [/root/spring-petclinic/target/classes/org/springframework/samples/petclinic]
09:05:23.231 [main] DEBUG org.springframework.core.io.support.PathMatchingResourcePatternResolver - Searching directory [/root/spring-petclinic/target/classes/org/springframework/samples/petclinic] for files matching pattern [/root/spring-petclinic/target/classes/org/springframework/samples/petclinic/*.class]
09:05:23.231 [main] DEBUG org.springframework.core.io.support.PathMatchingResourcePatternResolver - Resolved location pattern [classpath*:org/springframework/samples/petclinic/*.class] to resources [file [/root/spring-petclinic/target/classes/org/springframework/samples/petclinic/PetClinicApplication.class]]
09:05:23.233 [main] DEBUG org.springframework.context.annotation.ClassPathScanningCandidateComponentProvider - Identified candidate component class: file [/root/spring-petclinic/target/classes/org/springframework/samples/petclinic/PetClinicApplication.class]
09:05:23.233 [main] INFO org.springframework.boot.test.context.SpringBootTestContextBootstrapper - Found @SpringBootConfiguration org.springframework.samples.petclinic.PetClinicApplication for test class org.springframework.samples.petclinic.owner.VisitControllerTests
09:05:23.235 [main] DEBUG org.springframework.boot.test.autoconfigure.web.servlet.WebMvcTestContextBootstrapper - @TestExecutionListeners is not present for class [org.springframework.samples.petclinic.owner.VisitControllerTests]: using defaults.
09:05:23.237 [main] INFO org.springframework.boot.test.autoconfigure.web.servlet.WebMvcTestContextBootstrapper - Loaded default TestExecutionListener class names from location [META-INF/spring.factories]: [org.springframework.boot.test.mock.mockito.MockitoTestExecutionListener, org.springframework.boot.test.mock.mockito.ResetMocksTestExecutionListener, org.springframework.boot.test.autoconfigure.restdocs.RestDocsTestExecutionListener, org.springframework.boot.test.autoconfigure.web.client.MockRestServiceServerResetTestExecutionListener, org.springframework.boot.test.autoconfigure.web.servlet.MockMvcPrintOnlyOnFailureTestExecutionListener, org.springframework.boot.test.autoconfigure.web.servlet.WebDriverTestExecutionListener, org.springframework.test.context.web.ServletTestExecutionListener, org.springframework.test.context.support.DirtiesContextBeforeModesTestExecutionListener, org.springframework.test.context.support.DependencyInjectionTestExecutionListener, org.springframework.test.context.support.DirtiesContextTestExecutionListener, org.springframework.test.context.transaction.TransactionalTestExecutionListener, org.springframework.test.context.jdbc.SqlScriptsTestExecutionListener]
09:05:23.240 [main] INFO org.springframework.boot.test.autoconfigure.web.servlet.WebMvcTestContextBootstrapper - Using TestExecutionListeners: [org.springframework.test.context.web.ServletTestExecutionListener@7b98f307, org.springframework.test.context.support.DirtiesContextBeforeModesTestExecutionListener@4802796d, org.springframework.boot.test.autoconfigure.SpringBootDependencyInjectionTestExecutionListener@34123d65, org.springframework.test.context.support.DirtiesContextTestExecutionListener@59474f18, org.springframework.test.context.transaction.TransactionalTestExecutionListener@65fb9ffc, org.springframework.test.context.jdbc.SqlScriptsTestExecutionListener@3e694b3f, org.springframework.boot.test.mock.mockito.MockitoTestExecutionListener@1bb5a082, org.springframework.boot.test.mock.mockito.ResetMocksTestExecutionListener@78691363, org.springframework.boot.test.autoconfigure.restdocs.RestDocsTestExecutionListener@41d477ed, org.springframework.boot.test.autoconfigure.web.client.MockRestServiceServerResetTestExecutionListener@3590fc5b, org.springframework.boot.test.autoconfigure.web.servlet.MockMvcPrintOnlyOnFailureTestExecutionListener@397fbdb, org.springframework.boot.test.autoconfigure.web.servlet.WebDriverTestExecutionListener@33d512c1]
09:05:23.242 [main] DEBUG org.springframework.test.context.junit4.SpringJUnit4ClassRunner - SpringJUnit4ClassRunner constructor called with [class org.springframework.samples.petclinic.owner.OwnerControllerTests]
09:05:23.243 [main] DEBUG org.springframework.test.context.BootstrapUtils - Instantiating CacheAwareContextLoaderDelegate from class [org.springframework.test.context.cache.DefaultCacheAwareContextLoaderDelegate]
09:05:23.243 [main] DEBUG org.springframework.test.context.BootstrapUtils - Instantiating BootstrapContext using constructor [public org.springframework.test.context.support.DefaultBootstrapContext(java.lang.Class,org.springframework.test.context.CacheAwareContextLoaderDelegate)]
09:05:23.243 [main] DEBUG org.springframework.test.context.BootstrapUtils - Instantiating TestContextBootstrapper for test class [org.springframework.samples.petclinic.owner.OwnerControllerTests] from class [org.springframework.boot.test.autoconfigure.web.servlet.WebMvcTestContextBootstrapper]
09:05:23.245 [main] INFO org.springframework.boot.test.autoconfigure.web.servlet.WebMvcTestContextBootstrapper - Neither @ContextConfiguration nor @ContextHierarchy found for test class [org.springframework.samples.petclinic.owner.OwnerControllerTests], using SpringBootContextLoader
09:05:23.245 [main] DEBUG org.springframework.test.context.support.AbstractContextLoader - Did not detect default resource location for test class [org.springframework.samples.petclinic.owner.OwnerControllerTests]: class path resource [org/springframework/samples/petclinic/owner/OwnerControllerTests-context.xml] does not exist
09:05:23.246 [main] DEBUG org.springframework.test.context.support.AbstractContextLoader - Did not detect default resource location for test class [org.springframework.samples.petclinic.owner.OwnerControllerTests]: class path resource [org/springframework/samples/petclinic/owner/OwnerControllerTestsContext.groovy] does not exist
09:05:23.246 [main] INFO org.springframework.test.context.support.AbstractContextLoader - Could not detect default resource locations for test class [org.springframework.samples.petclinic.owner.OwnerControllerTests]: no resource found for suffixes {-context.xml, Context.groovy}.
09:05:23.246 [main] INFO org.springframework.test.context.support.AnnotationConfigContextLoaderUtils - Could not detect default configuration classes for test class [org.springframework.samples.petclinic.owner.OwnerControllerTests]: OwnerControllerTests does not declare any static, non-private, non-final, nested classes annotated with @Configuration.
09:05:23.267 [main] DEBUG org.springframework.test.context.support.ActiveProfilesUtils - Could not find an 'annotation declaring class' for annotation type [org.springframework.test.context.ActiveProfiles] and class [org.springframework.samples.petclinic.owner.OwnerControllerTests]
09:05:23.267 [main] DEBUG org.springframework.core.env.StandardEnvironment - Adding [systemProperties] PropertySource with lowest search precedence
09:05:23.268 [main] DEBUG org.springframework.core.env.StandardEnvironment - Adding [systemEnvironment] PropertySource with lowest search precedence
09:05:23.268 [main] DEBUG org.springframework.core.env.StandardEnvironment - Initialized StandardEnvironment with PropertySources [systemProperties,systemEnvironment]
09:05:23.268 [main] INFO org.springframework.boot.test.context.SpringBootTestContextBootstrapper - Found @SpringBootConfiguration org.springframework.samples.petclinic.PetClinicApplication for test class org.springframework.samples.petclinic.owner.OwnerControllerTests
09:05:23.269 [main] DEBUG org.springframework.boot.test.autoconfigure.web.servlet.WebMvcTestContextBootstrapper - @TestExecutionListeners is not present for class [org.springframework.samples.petclinic.owner.OwnerControllerTests]: using defaults.
09:05:23.271 [main] INFO org.springframework.boot.test.autoconfigure.web.servlet.WebMvcTestContextBootstrapper - Loaded default TestExecutionListener class names from location [META-INF/spring.factories]: [org.springframework.boot.test.mock.mockito.MockitoTestExecutionListener, org.springframework.boot.test.mock.mockito.ResetMocksTestExecutionListener, org.springframework.boot.test.autoconfigure.restdocs.RestDocsTestExecutionListener, org.springframework.boot.test.autoconfigure.web.client.MockRestServiceServerResetTestExecutionListener, org.springframework.boot.test.autoconfigure.web.servlet.MockMvcPrintOnlyOnFailureTestExecutionListener, org.springframework.boot.test.autoconfigure.web.servlet.WebDriverTestExecutionListener, org.springframework.test.context.web.ServletTestExecutionListener, org.springframework.test.context.support.DirtiesContextBeforeModesTestExecutionListener, org.springframework.test.context.support.DependencyInjectionTestExecutionListener, org.springframework.test.context.support.DirtiesContextTestExecutionListener, org.springframework.test.context.transaction.TransactionalTestExecutionListener, org.springframework.test.context.jdbc.SqlScriptsTestExecutionListener]
09:05:23.273 [main] INFO org.springframework.boot.test.autoconfigure.web.servlet.WebMvcTestContextBootstrapper - Using TestExecutionListeners: [org.springframework.test.context.web.ServletTestExecutionListener@4c39bec8, org.springframework.test.context.support.DirtiesContextBeforeModesTestExecutionListener@f79e, org.springframework.boot.test.autoconfigure.SpringBootDependencyInjectionTestExecutionListener@7ee8290b, org.springframework.test.context.support.DirtiesContextTestExecutionListener@1f59a598, org.springframework.test.context.transaction.TransactionalTestExecutionListener@1e178745, org.springframework.test.context.jdbc.SqlScriptsTestExecutionListener@192c3f1e, org.springframework.boot.test.mock.mockito.MockitoTestExecutionListener@26b3fd41, org.springframework.boot.test.mock.mockito.ResetMocksTestExecutionListener@7494f96a, org.springframework.boot.test.autoconfigure.restdocs.RestDocsTestExecutionListener@561b6512, org.springframework.boot.test.autoconfigure.web.client.MockRestServiceServerResetTestExecutionListener@2e377400, org.springframework.boot.test.autoconfigure.web.servlet.MockMvcPrintOnlyOnFailureTestExecutionListener@1757cd72, org.springframework.boot.test.autoconfigure.web.servlet.WebDriverTestExecutionListener@445b295b]
09:05:23.278 [main] DEBUG org.springframework.test.context.junit4.SpringJUnit4ClassRunner - SpringJUnit4ClassRunner constructor called with [class org.springframework.samples.petclinic.owner.PetControllerTests]
09:05:23.279 [main] DEBUG org.springframework.test.context.BootstrapUtils - Instantiating CacheAwareContextLoaderDelegate from class [org.springframework.test.context.cache.DefaultCacheAwareContextLoaderDelegate]
09:05:23.279 [main] DEBUG org.springframework.test.context.BootstrapUtils - Instantiating BootstrapContext using constructor [public org.springframework.test.context.support.DefaultBootstrapContext(java.lang.Class,org.springframework.test.context.CacheAwareContextLoaderDelegate)]
09:05:23.279 [main] DEBUG org.springframework.test.context.BootstrapUtils - Instantiating TestContextBootstrapper for test class [org.springframework.samples.petclinic.owner.PetControllerTests] from class [org.springframework.boot.test.autoconfigure.web.servlet.WebMvcTestContextBootstrapper]
09:05:23.280 [main] INFO org.springframework.boot.test.autoconfigure.web.servlet.WebMvcTestContextBootstrapper - Neither @ContextConfiguration nor @ContextHierarchy found for test class [org.springframework.samples.petclinic.owner.PetControllerTests], using SpringBootContextLoader
09:05:23.280 [main] DEBUG org.springframework.test.context.support.AbstractContextLoader - Did not detect default resource location for test class [org.springframework.samples.petclinic.owner.PetControllerTests]: class path resource [org/springframework/samples/petclinic/owner/PetControllerTests-context.xml] does not exist
09:05:23.280 [main] DEBUG org.springframework.test.context.support.AbstractContextLoader - Did not detect default resource location for test class [org.springframework.samples.petclinic.owner.PetControllerTests]: class path resource [org/springframework/samples/petclinic/owner/PetControllerTestsContext.groovy] does not exist
09:05:23.280 [main] INFO org.springframework.test.context.support.AbstractContextLoader - Could not detect default resource locations for test class [org.springframework.samples.petclinic.owner.PetControllerTests]: no resource found for suffixes {-context.xml, Context.groovy}.
09:05:23.281 [main] INFO org.springframework.test.context.support.AnnotationConfigContextLoaderUtils - Could not detect default configuration classes for test class [org.springframework.samples.petclinic.owner.PetControllerTests]: PetControllerTests does not declare any static, non-private, non-final, nested classes annotated with @Configuration.
09:05:23.296 [main] DEBUG org.springframework.test.context.support.ActiveProfilesUtils - Could not find an 'annotation declaring class' for annotation type [org.springframework.test.context.ActiveProfiles] and class [org.springframework.samples.petclinic.owner.PetControllerTests]
09:05:23.296 [main] DEBUG org.springframework.core.env.StandardEnvironment - Adding [systemProperties] PropertySource with lowest search precedence
09:05:23.297 [main] DEBUG org.springframework.core.env.StandardEnvironment - Adding [systemEnvironment] PropertySource with lowest search precedence
09:05:23.297 [main] DEBUG org.springframework.core.env.StandardEnvironment - Initialized StandardEnvironment with PropertySources [systemProperties,systemEnvironment]
09:05:23.297 [main] INFO org.springframework.boot.test.context.SpringBootTestContextBootstrapper - Found @SpringBootConfiguration org.springframework.samples.petclinic.PetClinicApplication for test class org.springframework.samples.petclinic.owner.PetControllerTests
09:05:23.298 [main] DEBUG org.springframework.boot.test.autoconfigure.web.servlet.WebMvcTestContextBootstrapper - @TestExecutionListeners is not present for class [org.springframework.samples.petclinic.owner.PetControllerTests]: using defaults.
09:05:23.300 [main] INFO org.springframework.boot.test.autoconfigure.web.servlet.WebMvcTestContextBootstrapper - Loaded default TestExecutionListener class names from location [META-INF/spring.factories]: [org.springframework.boot.test.mock.mockito.MockitoTestExecutionListener, org.springframework.boot.test.mock.mockito.ResetMocksTestExecutionListener, org.springframework.boot.test.autoconfigure.restdocs.RestDocsTestExecutionListener, org.springframework.boot.test.autoconfigure.web.client.MockRestServiceServerResetTestExecutionListener, org.springframework.boot.test.autoconfigure.web.servlet.MockMvcPrintOnlyOnFailureTestExecutionListener, org.springframework.boot.test.autoconfigure.web.servlet.WebDriverTestExecutionListener, org.springframework.test.context.web.ServletTestExecutionListener, org.springframework.test.context.support.DirtiesContextBeforeModesTestExecutionListener, org.springframework.test.context.support.DependencyInjectionTestExecutionListener, org.springframework.test.context.support.DirtiesContextTestExecutionListener, org.springframework.test.context.transaction.TransactionalTestExecutionListener, org.springframework.test.context.jdbc.SqlScriptsTestExecutionListener]
09:05:23.302 [main] INFO org.springframework.boot.test.autoconfigure.web.servlet.WebMvcTestContextBootstrapper - Using TestExecutionListeners: [org.springframework.test.context.web.ServletTestExecutionListener@66498326, org.springframework.test.context.support.DirtiesContextBeforeModesTestExecutionListener@cad498c, org.springframework.boot.test.autoconfigure.SpringBootDependencyInjectionTestExecutionListener@1e6454ec, org.springframework.test.context.support.DirtiesContextTestExecutionListener@2accdbb5, org.springframework.test.context.transaction.TransactionalTestExecutionListener@b62d79, org.springframework.test.context.jdbc.SqlScriptsTestExecutionListener@6631f5ca, org.springframework.boot.test.mock.mockito.MockitoTestExecutionListener@5ace1ed4, org.springframework.boot.test.mock.mockito.ResetMocksTestExecutionListener@1613674b, org.springframework.boot.test.autoconfigure.restdocs.RestDocsTestExecutionListener@27ff5d15, org.springframework.boot.test.autoconfigure.web.client.MockRestServiceServerResetTestExecutionListener@4e096385, org.springframework.boot.test.autoconfigure.web.servlet.MockMvcPrintOnlyOnFailureTestExecutionListener@649bec2e, org.springframework.boot.test.autoconfigure.web.servlet.WebDriverTestExecutionListener@693fe6c9]
09:05:23.319 [main] DEBUG org.springframework.test.context.junit4.SpringJUnit4ClassRunner - SpringJUnit4ClassRunner constructor called with [class org.springframework.samples.petclinic.service.ClinicServiceTests]
09:05:23.320 [main] DEBUG org.springframework.test.context.BootstrapUtils - Instantiating CacheAwareContextLoaderDelegate from class [org.springframework.test.context.cache.DefaultCacheAwareContextLoaderDelegate]
09:05:23.320 [main] DEBUG org.springframework.test.context.BootstrapUtils - Instantiating BootstrapContext using constructor [public org.springframework.test.context.support.DefaultBootstrapContext(java.lang.Class,org.springframework.test.context.CacheAwareContextLoaderDelegate)]
09:05:23.321 [main] DEBUG org.springframework.test.context.BootstrapUtils - Instantiating TestContextBootstrapper for test class [org.springframework.samples.petclinic.service.ClinicServiceTests] from class [org.springframework.boot.test.context.SpringBootTestContextBootstrapper]
09:05:23.322 [main] INFO org.springframework.boot.test.context.SpringBootTestContextBootstrapper - Neither @ContextConfiguration nor @ContextHierarchy found for test class [org.springframework.samples.petclinic.service.ClinicServiceTests], using SpringBootContextLoader
09:05:23.323 [main] DEBUG org.springframework.test.context.support.AbstractContextLoader - Did not detect default resource location for test class [org.springframework.samples.petclinic.service.ClinicServiceTests]: class path resource [org/springframework/samples/petclinic/service/ClinicServiceTests-context.xml] does not exist
09:05:23.323 [main] DEBUG org.springframework.test.context.support.AbstractContextLoader - Did not detect default resource location for test class [org.springframework.samples.petclinic.service.ClinicServiceTests]: class path resource [org/springframework/samples/petclinic/service/ClinicServiceTestsContext.groovy] does not exist
09:05:23.323 [main] INFO org.springframework.test.context.support.AbstractContextLoader - Could not detect default resource locations for test class [org.springframework.samples.petclinic.service.ClinicServiceTests]: no resource found for suffixes {-context.xml, Context.groovy}.
09:05:23.323 [main] INFO org.springframework.test.context.support.AnnotationConfigContextLoaderUtils - Could not detect default configuration classes for test class [org.springframework.samples.petclinic.service.ClinicServiceTests]: ClinicServiceTests does not declare any static, non-private, non-final, nested classes annotated with @Configuration.
09:05:23.354 [main] DEBUG org.springframework.test.context.support.ActiveProfilesUtils - Could not find an 'annotation declaring class' for annotation type [org.springframework.test.context.ActiveProfiles] and class [org.springframework.samples.petclinic.service.ClinicServiceTests]
09:05:23.354 [main] DEBUG org.springframework.core.env.StandardEnvironment - Adding [systemProperties] PropertySource with lowest search precedence
09:05:23.355 [main] DEBUG org.springframework.core.env.StandardEnvironment - Adding [systemEnvironment] PropertySource with lowest search precedence
09:05:23.355 [main] DEBUG org.springframework.core.env.StandardEnvironment - Initialized StandardEnvironment with PropertySources [systemProperties,systemEnvironment]
09:05:23.355 [main] DEBUG org.springframework.core.io.support.PathMatchingResourcePatternResolver - Resolved classpath location [org/springframework/samples/petclinic/service/] to resources [URL [file:/root/spring-petclinic/target/test-classes/org/springframework/samples/petclinic/service/]]
09:05:23.355 [main] DEBUG org.springframework.core.io.support.PathMatchingResourcePatternResolver - Looking for matching resources in directory tree [/root/spring-petclinic/target/test-classes/org/springframework/samples/petclinic/service]
09:05:23.355 [main] DEBUG org.springframework.core.io.support.PathMatchingResourcePatternResolver - Searching directory [/root/spring-petclinic/target/test-classes/org/springframework/samples/petclinic/service] for files matching pattern [/root/spring-petclinic/target/test-classes/org/springframework/samples/petclinic/service/*.class]
09:05:23.356 [main] DEBUG org.springframework.core.io.support.PathMatchingResourcePatternResolver - Resolved location pattern [classpath*:org/springframework/samples/petclinic/service/*.class] to resources [file [/root/spring-petclinic/target/test-classes/org/springframework/samples/petclinic/service/ClinicServiceTests.class], file [/root/spring-petclinic/target/test-classes/org/springframework/samples/petclinic/service/EntityUtils.class]]
09:05:23.358 [main] DEBUG org.springframework.core.io.support.PathMatchingResourcePatternResolver - Resolved classpath location [org/springframework/samples/petclinic/] to resources [URL [file:/root/spring-petclinic/target/test-classes/org/springframework/samples/petclinic/], URL [file:/root/spring-petclinic/target/classes/org/springframework/samples/petclinic/]]
09:05:23.359 [main] DEBUG org.springframework.core.io.support.PathMatchingResourcePatternResolver - Looking for matching resources in directory tree [/root/spring-petclinic/target/test-classes/org/springframework/samples/petclinic]
09:05:23.359 [main] DEBUG org.springframework.core.io.support.PathMatchingResourcePatternResolver - Searching directory [/root/spring-petclinic/target/test-classes/org/springframework/samples/petclinic] for files matching pattern [/root/spring-petclinic/target/test-classes/org/springframework/samples/petclinic/*.class]
09:05:23.359 [main] DEBUG org.springframework.core.io.support.PathMatchingResourcePatternResolver - Looking for matching resources in directory tree [/root/spring-petclinic/target/classes/org/springframework/samples/petclinic]
09:05:23.359 [main] DEBUG org.springframework.core.io.support.PathMatchingResourcePatternResolver - Searching directory [/root/spring-petclinic/target/classes/org/springframework/samples/petclinic] for files matching pattern [/root/spring-petclinic/target/classes/org/springframework/samples/petclinic/*.class]
09:05:23.360 [main] DEBUG org.springframework.core.io.support.PathMatchingResourcePatternResolver - Resolved location pattern [classpath*:org/springframework/samples/petclinic/*.class] to resources [file [/root/spring-petclinic/target/classes/org/springframework/samples/petclinic/PetClinicApplication.class]]
09:05:23.361 [main] DEBUG org.springframework.context.annotation.ClassPathScanningCandidateComponentProvider - Identified candidate component class: file [/root/spring-petclinic/target/classes/org/springframework/samples/petclinic/PetClinicApplication.class]
09:05:23.361 [main] INFO org.springframework.boot.test.context.SpringBootTestContextBootstrapper - Found @SpringBootConfiguration org.springframework.samples.petclinic.PetClinicApplication for test class org.springframework.samples.petclinic.service.ClinicServiceTests
09:05:23.362 [main] DEBUG org.springframework.boot.test.context.SpringBootTestContextBootstrapper - @TestExecutionListeners is not present for class [org.springframework.samples.petclinic.service.ClinicServiceTests]: using defaults.
09:05:23.364 [main] INFO org.springframework.boot.test.context.SpringBootTestContextBootstrapper - Loaded default TestExecutionListener class names from location [META-INF/spring.factories]: [org.springframework.boot.test.mock.mockito.MockitoTestExecutionListener, org.springframework.boot.test.mock.mockito.ResetMocksTestExecutionListener, org.springframework.boot.test.autoconfigure.restdocs.RestDocsTestExecutionListener, org.springframework.boot.test.autoconfigure.web.client.MockRestServiceServerResetTestExecutionListener, org.springframework.boot.test.autoconfigure.web.servlet.MockMvcPrintOnlyOnFailureTestExecutionListener, org.springframework.boot.test.autoconfigure.web.servlet.WebDriverTestExecutionListener, org.springframework.test.context.web.ServletTestExecutionListener, org.springframework.test.context.support.DirtiesContextBeforeModesTestExecutionListener, org.springframework.test.context.support.DependencyInjectionTestExecutionListener, org.springframework.test.context.support.DirtiesContextTestExecutionListener, org.springframework.test.context.transaction.TransactionalTestExecutionListener, org.springframework.test.context.jdbc.SqlScriptsTestExecutionListener]
09:05:23.368 [main] INFO org.springframework.boot.test.context.SpringBootTestContextBootstrapper - Using TestExecutionListeners: [org.springframework.test.context.web.ServletTestExecutionListener@f09733f, org.springframework.test.context.support.DirtiesContextBeforeModesTestExecutionListener@e350b40, org.springframework.boot.test.autoconfigure.SpringBootDependencyInjectionTestExecutionListener@41a0aa7d, org.springframework.test.context.support.DirtiesContextTestExecutionListener@2794eab6, org.springframework.test.context.transaction.TransactionalTestExecutionListener@6340e5f0, org.springframework.test.context.jdbc.SqlScriptsTestExecutionListener@45099dd3, org.springframework.boot.test.mock.mockito.MockitoTestExecutionListener@13e344d, org.springframework.boot.test.mock.mockito.ResetMocksTestExecutionListener@1ffaf86, org.springframework.boot.test.autoconfigure.restdocs.RestDocsTestExecutionListener@6574a52c, org.springframework.boot.test.autoconfigure.web.client.MockRestServiceServerResetTestExecutionListener@6c1a5b54, org.springframework.boot.test.autoconfigure.web.servlet.MockMvcPrintOnlyOnFailureTestExecutionListener@1c7696c6, org.springframework.boot.test.autoconfigure.web.servlet.WebDriverTestExecutionListener@60099951]
09:05:23.369 [main] DEBUG org.springframework.test.context.junit4.SpringJUnit4ClassRunner - SpringJUnit4ClassRunner constructor called with [class org.springframework.samples.petclinic.vet.VetControllerTests]
09:05:23.369 [main] DEBUG org.springframework.test.context.BootstrapUtils - Instantiating CacheAwareContextLoaderDelegate from class [org.springframework.test.context.cache.DefaultCacheAwareContextLoaderDelegate]
09:05:23.369 [main] DEBUG org.springframework.test.context.BootstrapUtils - Instantiating BootstrapContext using constructor [public org.springframework.test.context.support.DefaultBootstrapContext(java.lang.Class,org.springframework.test.context.CacheAwareContextLoaderDelegate)]
09:05:23.370 [main] DEBUG org.springframework.test.context.BootstrapUtils - Instantiating TestContextBootstrapper for test class [org.springframework.samples.petclinic.vet.VetControllerTests] from class [org.springframework.boot.test.autoconfigure.web.servlet.WebMvcTestContextBootstrapper]
09:05:23.370 [main] INFO org.springframework.boot.test.autoconfigure.web.servlet.WebMvcTestContextBootstrapper - Neither @ContextConfiguration nor @ContextHierarchy found for test class [org.springframework.samples.petclinic.vet.VetControllerTests], using SpringBootContextLoader
09:05:23.370 [main] DEBUG org.springframework.test.context.support.AbstractContextLoader - Did not detect default resource location for test class [org.springframework.samples.petclinic.vet.VetControllerTests]: class path resource [org/springframework/samples/petclinic/vet/VetControllerTests-context.xml] does not exist
09:05:23.371 [main] DEBUG org.springframework.test.context.support.AbstractContextLoader - Did not detect default resource location for test class [org.springframework.samples.petclinic.vet.VetControllerTests]: class path resource [org/springframework/samples/petclinic/vet/VetControllerTestsContext.groovy] does not exist
09:05:23.371 [main] INFO org.springframework.test.context.support.AbstractContextLoader - Could not detect default resource locations for test class [org.springframework.samples.petclinic.vet.VetControllerTests]: no resource found for suffixes {-context.xml, Context.groovy}.
09:05:23.371 [main] INFO org.springframework.test.context.support.AnnotationConfigContextLoaderUtils - Could not detect default configuration classes for test class [org.springframework.samples.petclinic.vet.VetControllerTests]: VetControllerTests does not declare any static, non-private, non-final, nested classes annotated with @Configuration.
09:05:23.382 [main] DEBUG org.springframework.test.context.support.ActiveProfilesUtils - Could not find an 'annotation declaring class' for annotation type [org.springframework.test.context.ActiveProfiles] and class [org.springframework.samples.petclinic.vet.VetControllerTests]
09:05:23.382 [main] DEBUG org.springframework.core.env.StandardEnvironment - Adding [systemProperties] PropertySource with lowest search precedence
09:05:23.382 [main] DEBUG org.springframework.core.env.StandardEnvironment - Adding [systemEnvironment] PropertySource with lowest search precedence
09:05:23.383 [main] DEBUG org.springframework.core.env.StandardEnvironment - Initialized StandardEnvironment with PropertySources [systemProperties,systemEnvironment]
09:05:23.383 [main] DEBUG org.springframework.core.io.support.PathMatchingResourcePatternResolver - Resolved classpath location [org/springframework/samples/petclinic/vet/] to resources [URL [file:/root/spring-petclinic/target/test-classes/org/springframework/samples/petclinic/vet/], URL [file:/root/spring-petclinic/target/classes/org/springframework/samples/petclinic/vet/]]
09:05:23.383 [main] DEBUG org.springframework.core.io.support.PathMatchingResourcePatternResolver - Looking for matching resources in directory tree [/root/spring-petclinic/target/test-classes/org/springframework/samples/petclinic/vet]
09:05:23.383 [main] DEBUG org.springframework.core.io.support.PathMatchingResourcePatternResolver - Searching directory [/root/spring-petclinic/target/test-classes/org/springframework/samples/petclinic/vet] for files matching pattern [/root/spring-petclinic/target/test-classes/org/springframework/samples/petclinic/vet/*.class]
09:05:23.383 [main] DEBUG org.springframework.core.io.support.PathMatchingResourcePatternResolver - Looking for matching resources in directory tree [/root/spring-petclinic/target/classes/org/springframework/samples/petclinic/vet]
09:05:23.383 [main] DEBUG org.springframework.core.io.support.PathMatchingResourcePatternResolver - Searching directory [/root/spring-petclinic/target/classes/org/springframework/samples/petclinic/vet] for files matching pattern [/root/spring-petclinic/target/classes/org/springframework/samples/petclinic/vet/*.class]
09:05:23.384 [main] DEBUG org.springframework.core.io.support.PathMatchingResourcePatternResolver - Resolved location pattern [classpath*:org/springframework/samples/petclinic/vet/*.class] to resources [file [/root/spring-petclinic/target/test-classes/org/springframework/samples/petclinic/vet/VetControllerTests.class], file [/root/spring-petclinic/target/test-classes/org/springframework/samples/petclinic/vet/VetTests.class], file [/root/spring-petclinic/target/classes/org/springframework/samples/petclinic/vet/Specialty.class], file [/root/spring-petclinic/target/classes/org/springframework/samples/petclinic/vet/Vet.class], file [/root/spring-petclinic/target/classes/org/springframework/samples/petclinic/vet/VetController.class], file [/root/spring-petclinic/target/classes/org/springframework/samples/petclinic/vet/VetRepository.class], file [/root/spring-petclinic/target/classes/org/springframework/samples/petclinic/vet/Vets.class]]
09:05:23.390 [main] DEBUG org.springframework.core.io.support.PathMatchingResourcePatternResolver - Resolved classpath location [org/springframework/samples/petclinic/] to resources [URL [file:/root/spring-petclinic/target/test-classes/org/springframework/samples/petclinic/], URL [file:/root/spring-petclinic/target/classes/org/springframework/samples/petclinic/]]
09:05:23.390 [main] DEBUG org.springframework.core.io.support.PathMatchingResourcePatternResolver - Looking for matching resources in directory tree [/root/spring-petclinic/target/test-classes/org/springframework/samples/petclinic]
09:05:23.390 [main] DEBUG org.springframework.core.io.support.PathMatchingResourcePatternResolver - Searching directory [/root/spring-petclinic/target/test-classes/org/springframework/samples/petclinic] for files matching pattern [/root/spring-petclinic/target/test-classes/org/springframework/samples/petclinic/*.class]
09:05:23.390 [main] DEBUG org.springframework.core.io.support.PathMatchingResourcePatternResolver - Looking for matching resources in directory tree [/root/spring-petclinic/target/classes/org/springframework/samples/petclinic]
09:05:23.390 [main] DEBUG org.springframework.core.io.support.PathMatchingResourcePatternResolver - Searching directory [/root/spring-petclinic/target/classes/org/springframework/samples/petclinic] for files matching pattern [/root/spring-petclinic/target/classes/org/springframework/samples/petclinic/*.class]
09:05:23.391 [main] DEBUG org.springframework.core.io.support.PathMatchingResourcePatternResolver - Resolved location pattern [classpath*:org/springframework/samples/petclinic/*.class] to resources [file [/root/spring-petclinic/target/classes/org/springframework/samples/petclinic/PetClinicApplication.class]]
09:05:23.392 [main] DEBUG org.springframework.context.annotation.ClassPathScanningCandidateComponentProvider - Identified candidate component class: file [/root/spring-petclinic/target/classes/org/springframework/samples/petclinic/PetClinicApplication.class]
09:05:23.392 [main] INFO org.springframework.boot.test.context.SpringBootTestContextBootstrapper - Found @SpringBootConfiguration org.springframework.samples.petclinic.PetClinicApplication for test class org.springframework.samples.petclinic.vet.VetControllerTests
09:05:23.394 [main] DEBUG org.springframework.boot.test.autoconfigure.web.servlet.WebMvcTestContextBootstrapper - @TestExecutionListeners is not present for class [org.springframework.samples.petclinic.vet.VetControllerTests]: using defaults.
09:05:23.395 [main] INFO org.springframework.boot.test.autoconfigure.web.servlet.WebMvcTestContextBootstrapper - Loaded default TestExecutionListener class names from location [META-INF/spring.factories]: [org.springframework.boot.test.mock.mockito.MockitoTestExecutionListener, org.springframework.boot.test.mock.mockito.ResetMocksTestExecutionListener, org.springframework.boot.test.autoconfigure.restdocs.RestDocsTestExecutionListener, org.springframework.boot.test.autoconfigure.web.client.MockRestServiceServerResetTestExecutionListener, org.springframework.boot.test.autoconfigure.web.servlet.MockMvcPrintOnlyOnFailureTestExecutionListener, org.springframework.boot.test.autoconfigure.web.servlet.WebDriverTestExecutionListener, org.springframework.test.context.web.ServletTestExecutionListener, org.springframework.test.context.support.DirtiesContextBeforeModesTestExecutionListener, org.springframework.test.context.support.DependencyInjectionTestExecutionListener, org.springframework.test.context.support.DirtiesContextTestExecutionListener, org.springframework.test.context.transaction.TransactionalTestExecutionListener, org.springframework.test.context.jdbc.SqlScriptsTestExecutionListener]
09:05:23.397 [main] INFO org.springframework.boot.test.autoconfigure.web.servlet.WebMvcTestContextBootstrapper - Using TestExecutionListeners: [org.springframework.test.context.web.ServletTestExecutionListener@6cb107fd, org.springframework.test.context.support.DirtiesContextBeforeModesTestExecutionListener@710636b0, org.springframework.boot.test.autoconfigure.SpringBootDependencyInjectionTestExecutionListener@3de8f619, org.springframework.test.context.support.DirtiesContextTestExecutionListener@2ab4bc72, org.springframework.test.context.transaction.TransactionalTestExecutionListener@4e5ed836, org.springframework.test.context.jdbc.SqlScriptsTestExecutionListener@eadd4fb, org.springframework.boot.test.mock.mockito.MockitoTestExecutionListener@740fb309, org.springframework.boot.test.mock.mockito.ResetMocksTestExecutionListener@7bd7d6d6, org.springframework.boot.test.autoconfigure.restdocs.RestDocsTestExecutionListener@43f02ef2, org.springframework.boot.test.autoconfigure.web.client.MockRestServiceServerResetTestExecutionListener@239a307b, org.springframework.boot.test.autoconfigure.web.servlet.MockMvcPrintOnlyOnFailureTestExecutionListener@2a8448fa, org.springframework.boot.test.autoconfigure.web.servlet.WebDriverTestExecutionListener@6f204a1a]
09:05:23.400 [main] DEBUG org.springframework.test.annotation.ProfileValueUtils - Retrieved @ProfileValueSourceConfiguration [null] for test class [org.springframework.samples.petclinic.system.ProductionConfigurationTests]
09:05:23.401 [main] DEBUG org.springframework.test.annotation.ProfileValueUtils - Retrieved ProfileValueSource type [class org.springframework.test.annotation.SystemProfileValueSource] for class [org.springframework.samples.petclinic.system.ProductionConfigurationTests]
09:05:23.401 [main] DEBUG org.springframework.test.annotation.ProfileValueUtils - Retrieved @ProfileValueSourceConfiguration [null] for test class [org.springframework.samples.petclinic.owner.VisitControllerTests]
09:05:23.401 [main] DEBUG org.springframework.test.annotation.ProfileValueUtils - Retrieved ProfileValueSource type [class org.springframework.test.annotation.SystemProfileValueSource] for class [org.springframework.samples.petclinic.owner.VisitControllerTests]
09:05:23.401 [main] DEBUG org.springframework.test.annotation.ProfileValueUtils - Retrieved @ProfileValueSourceConfiguration [null] for test class [org.springframework.samples.petclinic.owner.OwnerControllerTests]
09:05:23.401 [main] DEBUG org.springframework.test.annotation.ProfileValueUtils - Retrieved ProfileValueSource type [class org.springframework.test.annotation.SystemProfileValueSource] for class [org.springframework.samples.petclinic.owner.OwnerControllerTests]
09:05:23.402 [main] DEBUG org.springframework.test.annotation.ProfileValueUtils - Retrieved @ProfileValueSourceConfiguration [null] for test class [org.springframework.samples.petclinic.owner.PetControllerTests]
09:05:23.402 [main] DEBUG org.springframework.test.annotation.ProfileValueUtils - Retrieved ProfileValueSource type [class org.springframework.test.annotation.SystemProfileValueSource] for class [org.springframework.samples.petclinic.owner.PetControllerTests]
09:05:23.403 [main] DEBUG org.springframework.test.annotation.ProfileValueUtils - Retrieved @ProfileValueSourceConfiguration [null] for test class [org.springframework.samples.petclinic.service.ClinicServiceTests]
09:05:23.403 [main] DEBUG org.springframework.test.annotation.ProfileValueUtils - Retrieved ProfileValueSource type [class org.springframework.test.annotation.SystemProfileValueSource] for class [org.springframework.samples.petclinic.service.ClinicServiceTests]
09:05:23.403 [main] DEBUG org.springframework.test.annotation.ProfileValueUtils - Retrieved @ProfileValueSourceConfiguration [null] for test class [org.springframework.samples.petclinic.vet.VetControllerTests]
09:05:23.403 [main] DEBUG org.springframework.test.annotation.ProfileValueUtils - Retrieved ProfileValueSource type [class org.springframework.test.annotation.SystemProfileValueSource] for class [org.springframework.samples.petclinic.vet.VetControllerTests]
]]></system-out>
  </testcase>
</testsuite>